<?xml version="1.0" encoding="UTF-8"?>
<testsuite name="pathfinder.scriptTestRunner.ScriptFileTests" tests="2" skipped="0" failures="0" errors="0" timestamp="2023-08-01T21:53:05" hostname="DESKTOP-O0KVO59" time="0.019">
  <properties/>
  <testcase name="checkOutput[dtest1]" classname="pathfinder.scriptTestRunner.ScriptFileTests" time="0.016"/>
  <testcase name="checkOutput[exampleDijkstraTest]" classname="pathfinder.scriptTestRunner.ScriptFileTests" time="0.002"/>
  <system-out><![CDATA[]]></system-out>
  <system-err><![CDATA[]]></system-err>
</testsuite>
